IQ-TREE multicore version 2.2.0 COVID-edition for Mac OS X 64-bit built Jun  1 2022
Developed by Bui Quang Minh, James Barbetti, Nguyen Lam Tung,
Olga Chernomor, Heiko Schmidt, Dominik Schrempf, Michael Woodhams, Ly Trong Nhan.

Host:    sc-sbs-383264.uoa.auckland.ac.nz (AVX2, FMA3, 8 GB RAM)
Command: iqtree -s 589_seqs_mafftMiddleConstrained.fasta
Seed:    103163 (Using SPRNG - Scalable Parallel Random Number Generator)
Time:    Fri May 19 14:09:25 2023
Kernel:  AVX+FMA - 1 threads (8 CPU cores detected)

HINT: Use -nt option to specify number of threads because your CPU has 8 cores!
HINT: -nt AUTO will automatically determine the best number of threads to use.

Reading alignment file 589_seqs_mafftMiddleConstrained.fasta ... Fasta format detected
Reading fasta file: done in 0.038548 secs using 57.37% CPU
Alignment most likely contains protein sequences
Constructing alignment: done in 0.0186 secs using 75.41% CPU
WARNING: 1 sites contain only gaps or ambiguous characters.
Alignment has 589 sequences with 2732 columns, 2451 distinct patterns
1398 parsimony-informative, 779 singleton sites, 555 constant sites
                Gap/Ambiguity  Composition  p-value
Analyzing sequences: done in 0.00708914 secs using 82.65% CPU
   1  QQS07318.1       90.48%    failed      2.33%
   2  CDK98228.1       90.26%    passed      8.47%
   3  AEO48324.1       89.93%    failed      2.74%
   4  QNQ12173.1       91.91%    failed      0.00%
   5  UPT73159.1       88.69%    failed      0.74%
   6  AIQ92767.1       90.12%    failed      1.97%
   7  ABA04498.1       90.59%    failed      0.17%
   8  AEO47025.1       90.04%    failed      0.00%
   9  APC07901.1       90.26%    failed      0.78%
  10  ADG94140.1       90.81%    failed      0.01%
  11  QEO41881.1       90.70%    failed      0.00%
  12  BAC58952.1       90.74%    failed      0.01%
  13  QTD53836.1       90.70%    failed      0.03%
  14  ATX82900.1       90.70%    failed      0.10%
  15  ATX78565.1       90.70%    failed      0.10%
  16  ALF47869.1       90.67%    failed      0.08%
  17  ADN09321.1       90.70%    failed      0.03%
  18  USF23676.1       90.70%    failed      0.31%
  19  QAR32385.1       90.70%    failed      0.70%
  20  ADD67090.1       90.70%    failed      0.23%
  21  ATO49114.1       89.90%    failed      0.48%
  22  CAL34488.1       90.56%    passed     13.65%
  23  AOO65115.1       90.59%    failed      0.02%
  24  EKT88755.1       90.78%    failed      0.09%
  25  AHE95900.1       90.92%    failed      0.01%
  26  ADC89566.1       90.89%    failed      0.15%
  27  QOY88866.1       89.35%    failed      0.04%
  28  AFL88814.1       90.23%    failed      0.26%
  29  AFL88473.1       90.23%    failed      0.26%
  30  ACO33277.1       90.15%    failed      0.03%
  31  QKS28544.1       91.00%    failed      0.05%
  32  AAG04849.1       91.00%    failed      0.01%
  33  BCB96091.1       90.78%    failed      0.00%
  34  ACI21187.1       90.74%    failed      0.00%
  35  ADL42743.1       90.30%    failed      0.01%
  36  QOY85398.1       89.31%    failed      0.00%
  37  AAR36419.1       90.70%    failed      0.00%
  38  AHZ85791.1       90.85%    failed      0.11%
  39  ACL65905.1       90.45%    failed      0.00%
  40  BAM06016.1       90.52%    failed      0.00%
  41  ALA58549.1       90.63%    failed      0.00%
  42  UBQ06690.1       89.42%    failed      0.03%
  43  ATX82928.1       89.68%    passed      8.20%
  44  ATX78592.1       89.68%    passed      7.41%
  45  UPH48256.1       89.64%    failed      0.55%
  46  ALU34477.1       90.37%    failed      0.50%
  47  ATO49967.1       90.23%    failed      0.27%
  48  CAB13242.1       90.12%    failed      0.14%
  49  AJH79515.1       90.23%    failed      0.17%
  50  QAT63225.1       90.15%    failed      0.02%
  51  ADY60068.1       90.56%    failed      0.19%
  52  QDU26963.1       90.56%    failed      0.00%
  53  ADB18997.1       90.52%    failed      0.01%
  54  QDU97593.1       90.63%    failed      0.08%
  55  CAD76169.1       90.74%    failed      0.02%
  56  BAD41956.1       90.30%    failed      0.20%
  57  QFG02534.1       90.26%    failed      0.12%
  58  ABY95376.1       90.04%    failed      0.01%
  59  ALU36624.1       90.34%    failed      0.04%
  60  APC08935.1       90.74%    failed      0.01%
  61  CCW35905.1       90.48%    failed      0.00%
  62  APC07539.1       89.93%    failed      0.11%
  63  ACL22206.1       90.59%    failed      0.26%
  64  CAB14951.1       90.04%    failed      2.84%
  65  AAC07083.1       90.70%    failed      0.00%
  66  UOY13875.1       90.52%    passed     12.08%
  67  AWG41586.1       90.52%    passed     12.08%
  68  EKT86693.1       90.48%    failed      1.13%
  69  CCG57546.1       90.37%    failed      0.01%
  70  AEM21069.1       90.37%    failed      0.01%
  71  QAT61614.1       90.30%    failed      0.08%
  72  BAS27507.1       90.15%    failed      0.03%
  73  ATU65955.1       88.69%    failed      0.03%
  74  BAC62899.1       89.57%    passed     14.29%
  75  AJJ56783.1       89.46%    failed      0.78%
  76  AJJ32757.1       89.46%    failed      0.68%
  77  ATC63650.1       89.46%    failed      0.67%
  78  ACB73691.1       89.49%    failed      0.01%
  79  AHZ83632.1       89.46%    failed      0.01%
  80  ARU42506.1       89.68%    failed      0.11%
  81  CCW34551.1       89.31%    failed      0.12%
  82  QJR36484.1       89.57%    failed      0.16%
  83  BAH37338.1       89.57%    failed      0.63%
  84  AMW06484.1       90.26%    failed      0.70%
  85  QDU25289.1       89.49%    failed      0.02%
  86  QQS05761.1       89.71%    failed      4.06%
  87  AAG08339.1       89.64%    failed      0.24%
  88  ABC77078.1       88.91%    failed      0.65%
  89  BCB96094.1       89.57%    failed      0.00%
  90  ACI21445.1       89.46%    failed      0.01%
  91  QOY85080.1       89.39%    failed      2.88%
  92  ACO33337.1       89.06%    failed      0.08%
  93  QOY88835.1       89.57%    failed      0.49%
  94  QOY86330.1       89.46%    failed      0.05%
  95  AEI89251.1       89.71%    failed      0.00%
  96  AEI88772.1       90.67%    failed      3.68%
  97  QNQ09341.1       89.49%    failed      0.01%
  98  ADE87210.1       89.42%    failed      1.11%
  99  ADL02462.1       89.42%    failed      0.03%
 100  ACL94252.1       89.46%    failed      0.34%
 101  AIQ89863.1       92.86%    failed      3.75%
 102  ABQ62189.1       87.59%    passed     28.88%
 103  AIK95837.1       89.53%    passed      6.25%
 104  AIQ92722.1       89.49%    failed      0.36%
 105  CDK98316.1       89.53%    failed      1.38%
 106  AEO48360.1       88.98%    failed      2.25%
 107  QKY95842.1       89.20%    failed      1.69%
 108  AAC74960.1       89.20%    failed      1.94%
 109  QXB11670.1       89.17%    failed      0.63%
 110  AJJ54987.1       89.20%    failed      1.42%
 111  AJJ32465.1       89.20%    failed      1.76%
 112  QKS29226.1       89.57%    failed      0.00%
 113  ATU66302.1       89.53%    failed      0.69%
 114  UBQ05764.1       89.57%    failed      1.02%
 115  APW43194.1       89.57%    failed      0.57%
 116  APW42908.1       89.57%    failed      0.75%
 117  ACX76601.1       76.87%    failed      0.00%
 118  ACX76639.1       78.62%    failed      0.00%
 119  ABL66229.1       90.45%    failed      0.16%
 120  AOO66357.1       74.34%    failed      0.00%
 121  BDB96353.1       86.05%    failed      0.03%
 122  ADE86713.1       85.32%    failed      0.00%
 123  CDK97459.1       85.61%    failed      0.00%
 124  AEO47577.1       85.43%    failed      0.00%
 125  AIQ93688.1       88.07%    failed      0.00%
 126  ABA05996.1       86.90%    failed      0.28%
 127  ACO34195.1       88.14%    failed      0.00%
 128  AEV97736.1       89.28%    failed      0.00%
 129  ADV62354.1       84.48%    failed      0.00%
 130  AHZ83417.1       90.15%    failed      0.18%
 131  BAM05883.1       86.09%    failed      0.00%
 132  BAH37227.1       75.51%    failed      0.00%
 133  QIZ70514.1       75.44%    failed      0.00%
 134  CAD77532.1       91.87%    failed      3.53%
 135  ADY59818.1       92.09%    failed      0.38%
 136  AEV99079.1       56.37%    failed      0.00%
 137  ALU35076.1       91.47%    failed      0.00%
 138  BCB95963.1       91.62%    passed     52.45%
 139  AVM44306.1       92.83%    passed     25.98%
 140  APW42573.1       94.03%    failed      3.47%
 141  AAG05312.1       94.22%    failed      0.00%
 142  QVL34843.1       92.83%    failed      0.00%
 143  ADY61698.1       91.43%    failed      0.00%
 144  ADV63425.1       81.99%    failed      0.00%
 145  QIZ73618.1       82.91%    failed      0.00%
 146  QDU28596.1       79.58%    failed      0.00%
 147  ADB15801.1       89.17%    failed      3.75%
 148  QTD50492.1       81.55%    failed      0.00%
 149  QOY89286.1       90.81%    passed     11.03%
 150  QVL33268.1       90.19%    failed      1.34%
 151  QTD52802.1       90.30%    failed      0.07%
 152  CAB12348.1       85.10%    failed      0.01%
 153  UAK41219.1       72.58%    failed      0.00%
 154  ADB15644.1       94.44%    failed      1.19%
 155  QTD51577.1       89.57%    failed      0.15%
 156  AHZ86390.1       88.98%    passed      5.37%
 157  AKF24681.1       86.53%    failed      0.02%
 158  ALF47932.1       84.00%    failed      0.00%
 159  CAL34744.1       82.43%    failed      0.00%
 160  AOO65010.1       85.47%    failed      0.00%
 161  QTD49844.1       89.02%    failed      1.24%
 162  AUX27689.1       89.17%    failed      0.00%
 163  AEO48101.1       79.65%    failed      0.00%
 164  AEO48100.1       79.65%    failed      0.00%
 165  QVL33094.1       93.63%    passed      5.61%
 166  AIZ45138.1       77.38%    failed      0.00%
 167  QTD54135.1       82.83%    failed      0.00%
 168  QDU31046.1       96.12%    failed      0.15%
 169  ADY61197.1       84.19%    failed      0.00%
 170  CAD71788.1       81.73%    failed      0.00%
 171  QDU95463.1       84.81%    failed      0.00%
 172  QDU27457.1       83.42%    failed      0.00%
 173  ADB18690.1       83.82%    failed      0.00%
 174  ACF14782.1       90.85%    failed      1.28%
 175  ABL64659.1       90.92%    failed      3.43%
 176  ACF11913.1       90.89%    passed      6.81%
 177  ACF43024.1       90.92%    passed      9.43%
 178  ACD90995.1       90.92%    failed      3.88%
 179  AEW03299.1       89.46%    failed      0.84%
 180  ABG59284.1       89.93%    failed      0.00%
 181  AKD02510.1       89.46%    failed      0.00%
 182  UAK41566.1       90.15%    failed      0.62%
 183  BCI63438.1       90.08%    failed      0.02%
 184  ADL01024.1       89.28%    failed      0.00%
 185  ACL95886.1       88.95%    failed      0.00%
 186  ADE86105.1       90.45%    failed      0.00%
 187  ABA05559.1       88.29%    failed      0.00%
 188  ABA04528.1       88.36%    failed      0.00%
 189  ABA05299.1       84.59%    failed      0.00%
 190  ABA03969.1       85.36%    failed      0.00%
 191  AJJ56099.1       87.37%    failed      0.00%
 192  AJJ31614.1       87.37%    failed      0.00%
 193  QXB09426.1       91.11%    passed      6.59%
 194  QKY94846.1       91.07%    failed      2.77%
 195  AAC76042.1       91.07%    failed      2.77%
 196  CDK97637.1       91.62%    failed      0.00%
 197  ABQ60495.1       88.65%    failed      0.00%
 198  BAG40198.1       91.62%    failed      0.00%
 199  AIQ91305.1       91.62%    failed      0.05%
 200  AEO48685.1       89.17%    failed      0.00%
 201  AEI88825.1       91.03%    failed      0.01%
 202  ADL00174.1       90.67%    failed      0.00%
 203  ACL96805.1       91.51%    failed      0.08%
 204  QNQ08778.1       91.51%    failed      0.12%
 205  ADE86923.1       91.43%    failed      0.04%
 206  ABQ61581.1       91.36%    failed      0.35%
 207  AIQ88683.1       91.29%    failed      1.00%
 208  ABA05973.1       91.33%    failed      0.29%
 209  AEO47594.1       88.91%    failed      0.17%
 210  CDK97994.1       91.18%    failed      4.21%
 211  AIK95558.1       91.07%    passed     17.31%
 212  ATX81939.1       91.62%    passed     23.50%
 213  ATX79746.1       91.62%    passed      9.37%
 214  ADY82611.1       93.23%    passed     31.96%
 215  QKS27990.1       91.76%    failed      3.93%
 216  ATU66653.1       91.33%    failed      1.15%
 217  UBQ04634.1       91.62%    failed      0.49%
 218  APW43236.1       91.51%    failed      0.47%
 219  AAG04358.1       91.54%    passed     19.71%
 220  AJJ55217.1       91.65%    failed      4.61%
 221  AJJ31712.1       91.65%    failed      4.61%
 222  QXB11428.1       91.58%    failed      3.03%
 223  QKY92913.1       91.58%    passed     11.24%
 224  AAC73831.1       91.58%    passed     11.24%
 225  QEO41016.1       91.69%    passed      8.90%
 226  BAC59320.1       91.51%    passed     11.64%
 227  ACF11057.1       91.95%    passed      7.82%
 228  ACD89825.1       91.76%    passed     15.82%
 229  ACF44367.1       91.98%    failed      1.07%
 230  ABL64907.1       91.76%    failed      0.18%
 231  QTD52661.1       91.84%    failed      1.16%
 232  AHZ85825.1       91.80%    failed      3.43%
 233  AQV01680.1       91.33%    passed      7.42%
 234  AWV88602.1       90.89%    passed     10.82%
 235  AAR33363.1       91.76%    failed      1.38%
 236  ACL64052.1       90.59%    failed      3.98%
 237  AFE07999.1       91.29%    failed      0.23%
 238  ABF91581.1       91.36%    failed      0.37%
 239  ADO74176.1       91.43%    failed      1.39%
 240  QOY87643.1       91.76%    failed      0.22%
 241  AFL88606.1       90.45%    failed      0.00%
 242  AFL88265.1       90.45%    failed      0.00%
 243  ACO32834.1       90.70%    failed      1.68%
 244  ABC76751.1       90.92%    failed      3.62%
 245  BCB95125.1       92.42%    passed      9.42%
 246  ACI22061.1       92.35%    failed      0.01%
 247  UPT76060.1       95.53%    passed      7.14%
 248  BAM06957.1       91.91%    failed      0.02%
 249  AOO64467.1       92.83%    failed      0.56%
 250  AKF24510.1       93.05%    failed      0.00%
 251  AAG03587.1       91.25%    failed      0.01%
 252  ADY81773.1       91.62%    failed      3.88%
 253  ADY81763.1       91.07%    failed      0.60%
 254  QNQ10683.1       90.63%    failed      0.01%
 255  ATU64277.1       89.93%    failed      0.00%
 256  ADY81560.1       89.28%    failed      0.30%
 257  ADY83951.1       92.46%    failed      0.06%
 258  QKS29082.1       91.25%    failed      0.00%
 259  ATU63282.1       90.01%    failed      1.55%
 260  SNW07143.1       92.02%    passed      8.72%
 261  UBQ06174.1       90.67%    failed      0.01%
 262  APW42557.1       91.29%    failed      2.21%
 263  ATU67891.1       91.98%    failed      0.29%
 264  APW44370.1       92.13%    failed      0.01%
 265  AUX24210.1       91.40%    failed      0.00%
 266  AFE08686.1       90.81%    failed      0.00%
 267  ABF92421.1       90.85%    failed      0.03%
 268  QJR34785.1       91.11%    failed      1.09%
 269  BAH39052.1       91.18%    failed      3.48%
 270  QUV79767.1       92.24%    passed      6.17%
 271  QOY88067.1       91.11%    failed      1.84%
 272  AFL86415.1       90.81%    failed      0.39%
 273  ACO31817.1       90.96%    passed      8.74%
 274  ACL63649.1       90.78%    failed      0.22%
 275  AUX23472.1       91.22%    failed      0.02%
 276  ADO70054.1       91.65%    failed      0.12%
 277  AFE10515.1       91.76%    failed      0.30%
 278  ABF92363.1       91.69%    failed      0.40%
 279  QQS07765.1       92.83%    failed      0.00%
 280  QQS07012.1       92.09%    failed      0.14%
 281  QQS07007.1       92.09%    failed      0.14%
 282  ACL67494.1       91.47%    failed      0.00%
 283  ADO73220.1       91.40%    failed      0.00%
 284  AFE10516.1       91.25%    failed      0.00%
 285  ABF91342.1       91.22%    failed      0.00%
 286  AUX20279.1       90.96%    failed      0.00%
 287  CAL34348.1       90.74%    failed      0.00%
 288  UPT72618.1       88.51%    failed      0.00%
 289  SLM46359.1       91.51%    failed      0.13%
 290  ALA60092.1       91.54%    failed      0.46%
 291  EKT87439.2       92.53%    failed      0.38%
 292  UPT74212.1       93.01%    failed      0.00%
 293  UPT75425.1       91.69%    failed      0.00%
 294  AWV89332.1       91.84%    failed      0.72%
 295  ACL64950.1       91.91%    failed      0.00%
 296  AHZ86092.1       92.35%    passed      9.65%
 297  AOO66426.1       94.58%    passed     28.03%
 298  AFE08685.1       91.58%    failed      0.07%
 299  ADO75002.1       91.47%    failed      0.01%
 300  ADO76074.1       91.80%    failed      0.00%
 301  ABF90492.1       91.22%    failed      0.11%
 302  ABF85904.1       91.73%    failed      0.58%
 303  ACB76604.1       91.43%    passed     12.63%
 304  AWI09757.1       91.65%    passed      6.32%
 305  ATC65746.1       91.65%    passed     10.99%
 306  AVM45096.1       90.37%    failed      0.32%
 307  AKJ63346.1       90.96%    failed      0.05%
 308  ALA61164.1       90.48%    passed     24.27%
 309  QSR84055.1       91.03%    failed      0.03%
 310  ALJ56928.1       90.41%    failed      0.85%
 311  BDB95989.1       91.43%    failed      2.80%
 312  CCB87689.1       91.18%    failed      0.04%
 313  AKL98121.1       92.42%    failed      0.00%
 314  QJR34845.1       91.00%    failed      0.03%
 315  BAH38987.1       91.47%    failed      0.00%
 316  AMW06740.1       91.40%    failed      0.00%
 317  QQS05379.1       91.73%    failed      0.35%
 318  ACX73814.1       91.80%    passed      9.08%
 319  CAL35725.1       94.84%    failed      0.76%
 320  ALF47140.1       94.80%    failed      1.19%
 321  ADN08701.1       94.55%    failed      2.67%
 322  ADD67695.1       94.73%    failed      0.30%
 323  SLM48220.1       94.84%    failed      4.53%
 324  ALA57346.1       94.84%    failed      3.05%
 325  AAC07592.1       94.58%    failed      1.61%
 326  AHE95642.1       94.84%    failed      0.18%
 327  ADO46046.1       94.84%    passed     11.75%
 328  ABC78648.1       94.73%    passed     12.97%
 329  BAC90343.1       92.28%    failed      0.54%
 330  BAC89328.1       92.28%    failed      0.54%
 331  QZZ23337.1       92.24%    failed      1.51%
 332  QIZ70555.1       92.13%    failed      4.14%
 333  UNU17462.1       91.98%    passed      6.49%
 334  QZZ22141.1       92.13%    failed      0.00%
 335  QZZ21680.1       91.62%    passed      5.56%
 336  UNU18280.1       90.45%    failed      0.00%
 337  QZZ19520.1       91.69%    failed      0.05%
 338  QIZ71789.1       90.30%    failed      2.24%
 339  QJE97567.1       91.87%    passed     17.75%
 340  QSR85862.1       91.84%    failed      4.16%
 341  QSR84237.1       92.20%    failed      0.00%
 342  QSR83870.1       91.87%    failed      0.48%
 343  AWI08882.1       91.73%    passed      5.30%
 344  ATC64798.1       91.87%    failed      4.35%
 345  ATC62712.1       91.95%    passed      5.57%
 346  ACB75629.1       91.91%    passed      8.24%
 347  EKT88184.1       90.26%    failed      0.54%
 348  BCB95942.1       93.41%    passed      7.76%
 349  ADG92738.1       93.81%    failed      0.00%
 350  ADG92304.1       94.22%    failed      0.00%
 351  BBM36826.1       92.28%    failed      0.79%
 352  ACV38437.1       92.39%    failed      1.54%
 353  QQS88170.1       92.57%    failed      0.03%
 354  AVQ28424.1       92.57%    passed      9.96%
 355  AVQ29523.1       92.35%    failed      0.01%
 356  QQS88496.1       92.61%    failed      0.82%
 357  AVQ29260.1       92.46%    failed      0.06%
 358  CCB87487.1       92.02%    failed      1.22%
 359  AVM45415.1       92.13%    failed      2.32%
 360  AKJ65567.1       92.24%    failed      0.48%
 361  ADY58081.1       89.57%    failed      0.07%
 362  QDU25322.1       90.23%    failed      1.78%
 363  ADB18835.1       89.86%    failed      0.00%
 364  QDU98188.1       89.60%    failed      2.46%
 365  CAD73493.1       90.59%    failed      0.04%
 366  AOO66288.1       94.73%    failed      0.68%
 367  AAC07752.1       92.53%    failed      0.04%
 368  ADC89509.1       92.57%    failed      0.00%
 369  AHE96346.1       92.53%    failed      0.00%
 370  ADO44512.1       92.53%    failed      0.00%
 371  CCW36281.1       92.46%    failed      0.89%
 372  AIE86461.1       92.50%    failed      1.04%
 373  BCI63565.1       91.43%    failed      0.96%
 374  AKD04823.1       91.36%    failed      0.17%
 375  QDU98468.1       90.59%    failed      0.02%
 376  ADY61978.1       91.29%    passed     12.62%
 377  QAT17590.1       92.46%    failed      1.80%
 378  QDU93364.1       88.76%    failed      0.00%
 379  QDU25761.1       90.15%    failed      0.13%
 380  ADB17134.1       89.97%    failed      0.07%
 381  EKT86397.1       92.64%    failed      0.30%
 382  CCG56832.1       92.35%    failed      0.00%
 383  AEM22241.1       92.31%    failed      0.00%
 384  AQU99646.1       82.98%    failed      0.00%
 385  AKJ64362.1       92.09%    failed      1.58%
 386  QTD53280.1       92.46%    passed      7.55%
 387  ALW88052.1       91.65%    failed      0.00%
 388  ADV67905.1       91.87%    failed      0.00%
 389  AEB12216.1       92.42%    failed      0.00%
 390  ADI15492.1       91.11%    failed      0.00%
 391  ACX74513.1       80.42%    failed      0.00%
 392  BAS27557.1       92.53%    failed      0.17%
 393  ADY81529.1       92.28%    passed      6.45%
 394  AAG06371.1       92.28%    failed      3.23%
 395  QKS29102.1       92.61%    failed      0.58%
 396  ATU65616.1       92.13%    passed     11.69%
 397  UBQ05954.1       92.28%    failed      0.00%
 398  APW42522.1       92.39%    failed      0.47%
 399  AWV88047.1       91.40%    failed      4.31%
 400  ATX81215.1       92.61%    failed      0.64%
 401  ATX80498.1       92.61%    failed      1.47%
 402  QTD50766.1       92.50%    failed      0.09%
 403  USF25003.1       92.61%    failed      0.10%
 404  AEI15149.1       92.57%    failed      4.57%
 405  QAR32927.1       92.42%    failed      0.93%
 406  ADD67874.1       92.50%    passed      6.59%
 407  QAT17178.1       91.54%    failed      0.15%
 408  EKT87417.1       92.90%    failed      0.07%
 409  QAR33783.1       93.37%    passed     15.12%
 410  ADD67745.1       93.74%    failed      0.37%
 411  ACX75330.1       93.12%    failed      3.97%
 412  QEO41299.1       83.27%    failed      0.00%
 413  BAC61495.1       83.35%    failed      0.00%
 414  BAC58429.1       83.42%    failed      0.00%
 415  ADG92231.1       84.00%    failed      0.00%
 416  SEH93354.1       90.01%    failed      2.12%
 417  QVL32859.1       91.95%    failed      3.70%
 418  UAK42981.1       90.19%    failed      0.01%
 419  ADV63710.1       91.54%    passed      6.96%
 420  ADY58078.1       92.06%    passed     24.95%
 421  QDU27583.1       92.20%    passed     77.81%
 422  ADB17385.1       92.13%    passed     13.01%
 423  QDU94732.1       92.17%    passed     26.41%
 424  CAD76944.1       91.40%    passed      6.87%
 425  QQS05296.1       92.09%    failed      0.55%
 426  QOY89541.1       95.06%    passed      6.19%
 427  ACB77180.1       92.83%    failed      1.08%
 428  AWI09431.1       92.31%    failed      2.73%
 429  ATC62595.1       92.50%    failed      0.45%
 430  SEH78546.1       92.50%    failed      2.44%
 431  QJE97269.1       91.51%    failed      0.50%
 432  ACX75484.1       92.24%    failed      0.72%
 433  ARN57240.1       92.35%    passed      5.60%
 434  AKJ65464.1       92.46%    passed     19.41%
 435  QEO43084.1       91.65%    failed      0.00%
 436  ACX74512.1       91.43%    passed     11.83%
 437  ACX73656.1       92.31%    failed      3.91%
 438  AKJ64799.1       92.24%    failed      0.00%
 439  ADD67744.1       83.64%    failed      0.03%
 440  AQU99647.1       91.98%    failed      0.32%
 441  ADD68376.1       92.75%    passed      9.30%
 442  ADG92230.1       93.70%    failed      0.01%
 443  BAC58428.1       93.59%    passed     25.26%
 444  QEO41300.1       93.41%    failed      2.48%
 445  BAC61496.1       93.27%    passed     19.74%
 446  ARN57520.1       90.56%    failed      2.50%
 447  AGR80198.1       91.43%    failed      0.83%
 448  AVM88605.1       91.51%    failed      0.18%
 449  AAC68198.1       91.51%    failed      0.07%
 450  AGW38400.1       91.51%    failed      0.35%
 451  AAP98742.1       91.51%    failed      0.05%
 452  AKF25943.1       94.84%    passed      5.30%
 453  AOO66396.1       94.95%    failed      0.80%
 454  ADG93510.1       94.80%    failed      0.16%
 455  ADN08827.1       93.12%    failed      0.04%
 456  ADG93991.1       93.19%    failed      0.00%
 457  CAL34280.1       93.27%    failed      0.00%
 458  ALF47162.1       92.90%    failed      1.04%
 459  QVL32579.1       90.08%    failed      1.62%
 460  ATU63381.1       92.75%    failed      0.78%
 461  AHE96301.1       94.55%    failed      1.39%
 462  UPT72845.1       92.28%    failed      0.47%
 463  QJE97904.1       77.78%    failed      0.00%
 464  QJE95399.1       80.89%    failed      0.00%
 465  QNQ08565.1       77.71%    failed      0.00%
 466  AAG04082.1       77.49%    failed      0.00%
 467  ACF14374.1       90.56%    failed      2.45%
 468  AWV89461.1       92.24%    failed      0.02%
 469  AUX22204.1       91.76%    passed     19.81%
 470  AWV89791.1       92.24%    failed      0.09%
 471  AFE07994.1       90.81%    failed      0.03%
 472  ADO72879.1       91.07%    passed     15.00%
 473  ABF87376.1       90.48%    failed      0.61%
 474  AHZ86042.1       91.73%    failed      1.37%
 475  AHZ84904.1       91.43%    failed      0.31%
 476  AHZ84037.1       91.36%    passed      5.81%
 477  AHZ86892.1       92.24%    failed      4.72%
 478  AUX22205.1       91.98%    failed      1.11%
 479  ACL67782.1       91.80%    passed     17.88%
 480  ABF90777.1       91.03%    failed      0.82%
 481  AFE07995.1       91.03%    failed      0.13%
 482  ADO68798.1       91.00%    failed      3.89%
 483  BAM06053.1       91.43%    failed      0.01%
 484  BAC61768.1       91.58%    failed      0.52%
 485  ACX73657.1       80.89%    failed      0.00%
 486  AKJ64800.1       81.99%    failed      0.00%
 487  ARN57239.1       82.32%    failed      0.00%
 488  AKJ65465.1       82.47%    failed      0.00%
 489  ATX82358.1       92.35%    failed      2.48%
 490  ATX79248.1       92.35%    failed      1.40%
 491  QAR33430.1       92.57%    failed      1.35%
 492  ADD67609.1       92.42%    passed      6.38%
 493  ADV63892.1       87.34%    failed      0.00%
 494  ADV63187.1       89.31%    failed      0.01%
 495  QSR84626.1       90.67%    failed      0.00%
 496  SEI00245.1       90.78%    passed     22.49%
 497  QJE95191.1       89.97%    failed      0.48%
 498  QDU94893.1       89.71%    failed      0.68%
 499  ADB16663.1       89.82%    failed      0.68%
 500  AKJ63368.1       91.69%    failed      0.00%
 501  CAD74695.1       89.90%    failed      0.00%
 502  QDU30851.1       88.84%    failed      0.00%
 503  ADB15652.1       89.02%    failed      0.00%
 504  QJE97562.1       90.48%    passed      5.29%
 505  AKJ64099.1       90.15%    failed      0.01%
 506  CAD77369.1       88.32%    failed      0.00%
 507  QDU99088.1       88.54%    failed      0.00%
 508  QDU29130.1       88.43%    failed      0.87%
 509  ADB17547.1       88.54%    failed      0.16%
 510  QAR33784.1       83.46%    failed      0.05%
 511  ADD68377.1       83.20%    failed      0.01%
 512  QSR84464.1       91.95%    failed      0.39%
 513  ADV60824.1       87.37%    failed      0.00%
 514  CAD71937.1       87.15%    failed      1.18%
 515  ADY58376.1       89.90%    failed      2.34%
 516  UAK41330.1       91.22%    failed      0.13%
 517  AEW00830.1       91.29%    failed      2.17%
 518  ABG60812.1       91.43%    failed      0.04%
 519  AUX23532.1       90.74%    failed      0.00%
 520  BAC89082.1       91.95%    failed      0.27%
 521  QDU92956.1       87.81%    failed      0.00%
 522  QDU31292.1       87.19%    failed      0.00%
 523  ADB17458.1       88.03%    failed      0.00%
 524  SEH96646.1       92.20%    failed      1.94%
 525  QJE97381.1       91.54%    failed      0.05%
 526  QSR84174.1       90.89%    failed      0.02%
 527  ALJ56692.1       92.42%    passed     21.32%
 528  ACB73533.1       92.02%    failed      0.17%
 529  AWI08418.1       91.69%    failed      4.13%
 530  ATC63405.1       91.29%    failed      0.55%
 531  QEI18926.1       89.57%    failed      0.13%
 532  WP_002721884.1   89.42%    failed      3.03%
 533  RLG45601.1       90.70%    failed      0.00%
 534  RMG20999.1       90.45%    failed      0.00%
 535  QEI19744.1       90.92%    failed      0.19%
 536  CAG37394.1       90.67%    failed      4.77%
 537  ABD81419.1       91.00%    failed      3.66%
 538  MBU2985819.1     91.00%    failed      2.25%
 539  ABD82476.1       90.74%    failed      0.04%
 540  MBU2985330.1     90.74%    failed      0.04%
 541  SCA58681.1       90.19%    failed      0.42%
 542  WP_015920816.1   90.74%    failed      0.15%
 543  ABD81321.1       92.35%    passed      7.99%
 544  MBU2985725.1     92.35%    passed      9.79%
 545  QEI19442.1       92.39%    passed     31.22%
 546  UEO04809.1       90.85%    failed      0.03%
 547  UEO06636.1       91.36%    failed      0.37%
 548  ABD81792.1       91.54%    failed      4.76%
 549  MBU2984437.1     91.54%    failed      4.76%
 550  QEI18804.1       91.65%    failed      1.60%
 551  ABD82818.1       91.95%    failed      0.64%
 552  MBU2986144.1     91.95%    failed      0.64%
 553  QEI20720.1       91.73%    failed      0.46%
 554  UEO04322.1       91.73%    failed      0.58%
 555  WP_002720852.1   91.51%    failed      2.48%
 556  ABD82214.1       91.14%    failed      1.40%
 557  MBU2985168.1     91.14%    failed      0.90%
 558  UEO05991.1       91.22%    failed      0.11%
 559  UEO03725.1       91.69%    failed      0.40%
 560  QEI19895.1       91.11%    failed      0.40%
 561  CAG37138.1       91.51%    passed      7.98%
 562  UEO07578.1       91.22%    failed      0.00%
 563  UEO05650.1       91.03%    failed      0.82%
 564  QEI18324.1       83.16%    failed      0.00%
 565  CAG37703.1       83.05%    failed      0.00%
 566  WP_015921325.1   87.23%    failed      0.00%
 567  MBU2986356.1     83.16%    failed      0.00%
 568  ABD79617.1       83.16%    failed      0.00%
 569  QEI19039.1       91.25%    failed      1.27%
 570  UEO02151.1       91.03%    failed      0.91%
 571  QEI18407.1       83.24%    failed      0.00%
 572  ABD82072.1       83.02%    failed      0.00%
 573  MBU2984729.1     83.02%    failed      0.00%
 574  CAG37702.1       93.63%    passed     22.28%
 575  QEI18325.1       93.59%    passed     22.30%
 576  ABD79618.1       93.59%    passed     12.79%
 577  MBU2986357.1     93.59%    passed     12.79%
 578  MBU2984728.1     95.20%    failed      1.78%
 579  ABD82073.1       95.20%    failed      2.26%
 580  QEI18408.1       93.78%    passed     19.40%
 581  MBU2987451.1     93.05%    passed     21.74%
 582  PKPEBJJI_00344   97.47%    passed     11.91%
 583  PKPEBJJI_00297   90.70%    failed      0.00%
 584  PKPEBJJI_00564   96.08%    passed     46.39%
 585  DGBBEKCF_00127   90.04%    failed      0.07%
 586  DGBBEKCF_00463   91.25%    failed      0.02%
 587  DGBBEKCF_02484   89.49%    failed      0.05%
 588  DGBBEKCF_01299   92.28%    failed      0.63%
 589  DGBBEKCF_01621   82.21%    failed      0.00%
WARNING: 589 sequences contain more than 50% gaps/ambiguity
****  TOTAL            90.28%  497 sequences failed composition chi2 test (p-value<5%; df=19)
NOTE: AFL88473.1 is identical to AFL88814.1 but kept for subsequent analysis
NOTE: AWG41586.1 is identical to UOY13875.1 but kept for subsequent analysis
NOTE: AAC76042.1 is identical to QKY94846.1 but kept for subsequent analysis
NOTE: AJJ31712.1 is identical to AJJ55217.1 but kept for subsequent analysis
NOTE: AAC73831.1 is identical to QKY92913.1 but kept for subsequent analysis
NOTE: UEO06636.1 is identical to ABF91581.1 but kept for subsequent analysis
NOTE: AFL88265.1 is identical to AFL88606.1 but kept for subsequent analysis
NOTE: UEO04809.1 is identical to ABF92421.1 but kept for subsequent analysis
NOTE: UEO03725.1 is identical to ABF92363.1 but kept for subsequent analysis
NOTE: UEO07578.1 is identical to ABF91342.1 but kept for subsequent analysis
NOTE: UEO05991.1 is identical to ABF90492.1 but kept for subsequent analysis
NOTE: UEO04322.1 is identical to ABF85904.1 but kept for subsequent analysis
NOTE: BAC89328.1 is identical to BAC90343.1 but kept for subsequent analysis
NOTE: UEO05650.1 is identical to ABF90777.1 but kept for subsequent analysis
NOTE: MBU2985330.1 is identical to ABD82476.1 but kept for subsequent analysis
NOTE: MBU2984437.1 is identical to ABD81792.1 but kept for subsequent analysis
NOTE: MBU2986144.1 is identical to ABD82818.1 but kept for subsequent analysis
NOTE: MBU2986357.1 is identical to ABD79618.1 but kept for subsequent analysis
Checking for duplicate sequences: done in 0.00715685 secs using 86.85% CPU


Create initial parsimony tree by phylogenetic likelihood library (PLL)... 1.002 seconds
Perform fast likelihood tree search using LG+I+G model...
Estimate model parameters (epsilon = 5.000)
Perform nearest neighbor interchange...
Optimizing NNI: done in 81.0282 secs using 98.91% CPU
Estimate model parameters (epsilon = 1.000)
1. Initial log-likelihood: -270473.110
Optimal log-likelihood: -270472.286
Proportion of invariable sites: 0.000
Gamma shape alpha: 1.643
Parameters optimization took 1 rounds (6.389 sec)
Time for fast ML tree search: 131.478 seconds

NOTE: ModelFinder requires 2249 MB RAM!
ModelFinder will test up to 1232 protein models (sample size: 2732) ...
 No. Model         -LnL         df  AIC          AICc         BIC
  1  LG            277045.487   1175 556440.975   558217.068   563388.502
  2  LG+I          277041.055   1176 556434.110   558214.369   563387.550
  3  LG+G4         270471.729   1176 543295.458   545075.718   550248.898
  4  LG+I+G4       270471.743   1177 543297.486   545081.921   550256.839
  5  LG+R2         271990.795   1177 546335.590   548120.025   553294.943
  6  LG+R3         270508.299   1179 543374.598   545167.407   550345.776
  7  LG+R4         269969.225   1181 542300.449   544101.665   549283.454
